213.041305541992188,304.307937622070312
324.598312377929688,362.800598144531250
395.887374877929688,556.618690490722656
748.488426208496094,781.271934509277344
96.587181091308594,104.935646057128906
382.707595825195312,424.404144287109375
486.359596252441406,485.541343688964844
356.873512268066406,345.239639282226562
340.790748596191406,363.417625427246094
183.005332946777344,252.874374389648438
226.846694946289062,260.245323181152344
505.903244018554688,505.903244018554688
601.680755615234375,601.126670837402344
282.311439514160156,305.545806884765625
139.708518981933594,160.664558410644531
180.583000183105469,267.515182495117188
427.952766418457031,640.542984008789062
534.252166748046875,672.282218933105469
442.126274108886719,448.558807373046875
767.430305480957031,797.801017761230469
259.527206420898438,295.517921447753906
441.811561584472656,406.361579895019531
552.485466003417969,569.361686706542969
289.312362670898438,299.940109252929688
457.568168640136719,541.623115539550781
243.067741394042969,293.722152709960938
211.229324340820312,223.163604736328125
493.870735168457031,485.550880432128906
366.585731506347656,392.943382263183594
357.896804809570312,388.385772705078125
520.109176635742188,520.109176635742188
761.698722839355469,754.886627197265625
347.164154052734375,423.502922058105469
446.900367736816406,488.584518432617188
525.150299072265625,559.947013854980469
367.418289184570312,363.233566284179688
431.229591369628906,489.603996276855469
408.147811889648438,367.146492004394531
396.337509155273438,401.425361633300781
237.027168273925781,278.735160827636719
244.515419006347656,425.384521484375000
221.735954284667969,244.363784790039062
197.824478149414062,210.773468017578125
377.415657043457031,468.291282653808594
274.167060852050781,315.755844116210938
582.833290100097656,624.283790588378906
327.707290649414062,272.360801696777344
349.731445312500000,429.656028747558594
192.484855651855469,353.901863098144531
384.618759155273438,387.640953063964844
430.002212524414062,487.249374389648438
295.385360717773438,295.961380004882812
437.849044799804688,362.390518188476562
355.092048645019531,421.039581298828125
732.876777648925781,595.887184143066406
448.667526245117188,551.397323608398438
515.017509460449219,536.310195922851562
308.468818664550781,332.356452941894531
167.280197143554688,439.445495605468750
576.906204223632812,549.299240112304688
330.416679382324219,391.304016113281250
344.159126281738281,387.256622314453125
130.441665649414062,163.108825683593750
513.060569763183594,570.136070251464844
398.495674133300781,466.245651245117188
358.853340148925781,377.395629882812500
269.047737121582031,413.408279418945312
320.622444152832031,319.252967834472656
496.482849121093750,517.011642456054688
123.913764953613281,181.271553039550781
516.064643859863281,510.417938232421875
192.467689514160156,319.838523864746094
603.149414062500000,557.024002075195312
234.330177307128906,229.093551635742188
622.922897338867188,651.845932006835938
245.110511779785156,380.255699157714844
486.326217651367188,508.135795593261719
476.045608520507812,476.278305053710938
451.975822448730469,476.554870605468750
493.165016174316406,543.211936950683594
316.448211669921875,384.932518005371094
281.089782714843750,340.589523315429688
420.124053955078125,481.842041015625000
548.592567443847656,562.810897827148438
412.161827087402344,508.761405944824219
193.347930908203125,213.947296142578125
382.455825805664062,547.673225402832031
163.762092590332031,223.003387451171875
315.569877624511719,345.113754272460938
363.701820373535156,420.425415039062500
374.929428100585938,481.891632080078125
456.230163574218750,525.714874267578125
446.848869323730469,477.477073669433594
540.828704833984375,586.408615112304688
266.128540039062500,280.082702636718750
499.195098876953125,540.913581848144531
398.205757141113281,422.079086303710938
339.407920837402344,444.631576538085938
201.206207275390625,229.538917541503906
237.121582031250000,258.754730224609375
250.512123107910156,283.310890197753906
620.246887207031250,413.976669311523438
467.702865600585938,497.180938720703125
204.442024230957031,333.488464355468750
339.845657348632812,298.570632934570312
367.571830749511719,398.658752441406250
168.376922607421875,194.046020507812500
508.545875549316406,529.525756835937500
155.707359313964844,194.760322570800781
319.189071655273438,489.988327026367188
829.349517822265625,850.445747375488281
135.777473449707031,135.777473449707031
297.787666320800781,328.298568725585938
292.626380920410156,435.291290283203125
665.286064147949219,653.706550598144531
301.004409790039062,332.859039306640625
143.411636352539062,159.311294555664062
473.514556884765625,560.714721679687500
366.880416870117188,420.536041259765625
176.622390747070312,302.693367004394531
450.238227844238281,421.423912048339844
362.103462219238281,383.790016174316406
924.407005310058594,926.545143127441406
371.572494506835938,371.572494506835938
185.422897338867188,209.262847900390625
371.750831604003906,388.201713562011719
340.804100036621094,417.785644531250000
165.801048278808594,396.970748901367188
388.838768005371094,409.965515136718750
485.669136047363281,560.244560241699219
498.324394226074219,519.204139709472656
338.851928710937500,427.694320678710938
356.001853942871094,397.051811218261719
183.580398559570312,301.798820495605469
422.237396240234375,453.148841857910156
159.600257873535156,180.631637573242188
628.805160522460938,677.100181579589844
862.098693847656250,841.277122497558594
421.039581298828125,449.049949645996094
245.707511901855469,288.321495056152344
511.987686157226562,489.157676696777344
406.514167785644531,434.071540832519531
389.503479003906250,447.018623352050781
85.582733154296875,259.638786315917969
406.826972961425781,403.711318969726562
593.896865844726562,594.270706176757812
518.590927124023438,491.106986999511719
468.745231628417969,513.508796691894531
268.616676330566406,311.955451965332031
460.700988769531250,538.473129272460938
432.578086853027344,432.578086853027344
350.143432617187500,338.759422302246094
418.356895446777344,542.982101440429688
293.342590332031250,291.603088378906250
388.409614562988281,377.180099487304688
224.856376647949219,325.642585754394531
303.850173950195312,319.331169128417969
404.026985168457031,442.486763000488281
343.942642211914062,417.159080505371094
348.649024963378906,406.081199645996094
399.271965026855469,411.331176757812500
361.947059631347656,484.869956970214844
388.856887817382812,367.965698242187500
465.008735656738281,493.919372558593750
329.319953918457031,340.089797973632812
511.339187622070312,550.228118896484375
448.794364929199219,458.187103271484375
111.215591430664062,130.045890808105469
424.573898315429688,426.795959472656250
427.653312683105469,461.922645568847656
536.710739135742188,570.143699645996094
313.588142395019531,340.363502502441406
332.763671875000000,366.571426391601562
321.922302246093750,356.161117553710938
465.212821960449219,479.776382446289062
393.698692321777344,415.159225463867188
408.409118652343750,443.932533264160156
399.625778198242188,399.625778198242188
454.123497009277344,433.814048767089844
344.182968139648438,358.780860900878906
485.848426818847656,607.426643371582031
125.243186950683594,376.109123229980469
343.022346496582031,449.052810668945312
349.821090698242188,403.264045715332031
623.086929321289062,644.072532653808594
542.018890380859375,545.504570007324219
350.584983825683594,365.098953247070312
269.210815429687500,462.779998779296875
832.935333251953125,820.256233215332031
302.099227905273438,277.752876281738281
572.030067443847656,555.998802185058594
182.906150817871094,264.878273010253906
313.805580139160156,389.138221740722656
347.367286682128906,526.773452758789062
355.104446411132812,451.935768127441406
554.196357727050781,556.369781494140625
263.950347900390625,291.432380676269531
499.437332153320312,467.961311340332031
306.959152221679688,476.721763610839844
427.378654479980469,473.969459533691406
428.933143615722656,384.627342224121094
323.080062866210938,304.882049560546875
236.562728881835938,210.412979125976562
491.946220397949219,500.476837158203125
173.219680786132812,178.736686706542969
203.326225280761719,182.363510131835938
231.861114501953125,255.222320556640625
404.931068420410156,459.844589233398438
378.069877624511719,419.443130493164062
234.832763671875000,288.518905639648438
314.801216125488281,353.002548217773438
418.294906616210938,442.191123962402344
331.703186035156250,395.622253417968750
351.865768432617188,431.592941284179688
400.168418884277344,448.745727539062500
471.864700317382812,491.167068481445312
443.655014038085938,458.118438720703125
230.889320373535156,284.381866455078125
402.455329895019531,395.048141479492188
739.464759826660156,755.738258361816406
449.810981750488281,517.062187194824219
482.581138610839844,540.157318115234375
430.333137512207031,458.914756774902344
320.955276489257812,361.113548278808594
697.172164916992188,710.202217102050781
463.857650756835938,473.011970520019531
529.584884643554688,539.841651916503906
328.007698059082031,404.376983642578125
195.447921752929688,195.864677429199219
299.870491027832031,322.066307067871094
175.813674926757812,321.802139282226562
531.556129455566406,581.233024597167969
593.727111816406250,610.163688659667969
514.162063598632812,498.152732849121094
248.389244079589844,236.945152282714844
355.789184570312500,378.886222839355469
520.049095153808594,553.072929382324219
299.106597900390625,318.808555603027344
215.676307678222656,278.180122375488281
430.660247802734375,436.288833618164062
673.349380493164062,682.586669921875000
516.235351562500000,495.433807373046875
394.731521606445312,463.536262512207031
282.689094543457031,285.828590393066406
440.140724182128906,471.958160400390625
419.633865356445312,435.608863830566406
231.229782104492188,246.779441833496094
346.933364868164062,413.530349731445312
221.316337585449219,239.570617675781250
603.033065795898438,603.033065795898438
359.624862670898438,372.918128967285156
296.910285949707031,368.885993957519531
380.939483642578125,465.897560119628906
520.092964172363281,516.759872436523438
351.223945617675781,425.240516662597656
209.303855895996094,192.125320434570312
625.619888305664062,664.134025573730469
202.345848083496094,244.098663330078125
597.002029418945312,622.494697570800781
441.029548645019531,472.952842712402344
572.238922119140625,555.999755859375000
179.360389709472656,260.303497314453125
632.325172424316406,661.046028137207031
500.158309936523438,529.042243957519531
621.327400207519531,587.853431701660156
540.963172912597656,551.579475402832031
217.556953430175781,254.839897155761719
386.550903320312500,447.864532470703125
395.444869995117188,409.955024719238281
484.996795654296875,436.773300170898438
239.299774169921875,465.577125549316406
485.442161560058594,528.189659118652344
303.026199340820312,357.452392578125000
527.409553527832031,560.385704040527344
308.493614196777344,301.216125488281250
531.996726989746094,536.717414855957031
454.383850097656250,477.170944213867188
52.215576171875000,121.644020080566406
569.084167480468750,474.975585937500000
493.310928344726562,525.771141052246094
704.400062561035156,513.032913208007812
253.267288208007812,356.917381286621094
303.976058959960938,334.780693054199219
239.421844482421875,334.806442260742188
269.868850708007812,328.257560729980469
255.752563476562500,309.405326843261719
483.135223388671875,589.407920837402344
403.902053833007812,510.713577270507812
292.631149291992188,348.460197448730469
265.830039978027344,484.593391418457031
516.660690307617188,508.590698242187500
379.761695861816406,430.111885070800781
490.447044372558594,341.702461242675781
327.277183532714844,436.004638671875000
518.377304077148438,531.722068786621094
264.066696166992188,354.174613952636719
143.863677978515625,172.608375549316406
102.840423583984375,130.586624145507812
418.615341186523438,396.895408630371094
814.237594604492188,827.762603759765625
337.962150573730469,389.851570129394531
335.369110107421875,305.541038513183594
925.520896911621094,920.637130737304688
503.683090209960938,464.983940124511719
252.246856689453125,287.299156188964844
301.433563232421875,469.520568847656250
847.540855407714844,842.514991760253906
613.312721252441406,618.387222290039062
166.633605957031250,216.506958007812500
273.559570312500000,410.890579223632812
259.317398071289062,239.859580993652344
436.171531677246094,553.941726684570312
106.533050537109375,127.696990966796875
193.130493164062500,360.041618347167969
409.756660461425781,459.439277648925781
299.569129943847656,433.866500854492188
285.745620727539062,513.184547424316406
265.716552734375000,296.511650085449219
428.804397583007812,449.419975280761719
696.735382080078125,696.735382080078125
548.117637634277344,609.962463378906250
315.807342529296875,431.920051574707031
263.938903808593750,276.105880737304688
236.031532287597656,322.307586669921875
426.911354064941406,460.968017578125000
221.470832824707031,241.419792175292969
212.583541870117188,204.900741577148438
706.371307373046875,689.849853515625000
659.810066223144531,643.311500549316406
276.080131530761719,332.097053527832031
407.050132751464844,285.099983215332031
364.704132080078125,389.539718627929688
761.960983276367188,768.618583679199219
714.592933654785156,407.699584960937500
365.789413452148438,453.396797180175781
253.790855407714844,307.491302490234375
493.978500366210938,504.172325134277344
226.265907287597656,292.268753051757812
76.881408691406250,214.763641357421875
489.727973937988281,516.188621520996094
295.468330383300781,346.392631530761719
317.885398864746094,385.843276977539062
394.432067871093750,463.364601135253906
639.636993408203125,681.761741638183594
518.386840820312500,429.271697998046875
68.270683288574219,213.338851928710938
607.832908630371094,716.032981872558594
363.978385925292969,417.277336120605469
481.600761413574219,475.462913513183594
364.604949951171875,494.302749633789062
298.353195190429688,446.536064147949219
392.420768737792969,384.546279907226562
416.598320007324219,463.919639587402344
546.479225158691406,556.957244873046875
426.673889160156250,456.642150878906250
466.309547424316406,511.997222900390625
417.081832885742188,465.918540954589844
301.840782165527344,327.810287475585938
196.422576904296875,279.697418212890625
338.624000549316406,373.135566711425781
286.788940429687500,393.784523010253906
189.414024353027344,271.927833557128906
654.042243957519531,660.725593566894531
45.221328735351562,71.928977966308594
805.160522460937500,801.840782165527344
420.366287231445312,455.935478210449219
272.664070129394531,387.303352355957031
275.409698486328125,256.845474243164062
147.901535034179688,167.907714843750000
428.236961364746094,413.539886474609375
369.911193847656250,390.717506408691406
94.221115112304688,295.305252075195312
502.564430236816406,496.666908264160156
143.191337585449219,251.334190368652344
169.117927551269531,211.240768432617188
370.375633239746094,380.406379699707031
497.941017150878906,502.593040466308594
448.818206787109375,467.007637023925781
394.371986389160156,421.691894531250000
246.145248413085938,295.718193054199219
402.324676513671875,477.737426757812500
394.935607910156250,448.780059814453125
243.881225585937500,295.190811157226562
295.435905456542969,451.354026794433594
511.224746704101562,548.742294311523438
338.841438293457031,387.410163879394531
241.382598876953125,269.664764404296875
386.860847473144531,414.199829101562500
359.397888183593750,409.386634826660156
114.641189575195312,148.226737976074219
401.844024658203125,396.575927734375000
231.759071350097656,319.124221801757812
275.300979614257812,322.172164916992188
552.584648132324219,565.942764282226562
291.866302490234375,414.677619934082031
386.169433593750000,415.706634521484375
268.060684204101562,338.736534118652344
114.133834838867188,172.961235046386719
454.499244689941406,454.499244689941406
555.313110351562500,544.939994812011719
385.657310485839844,460.469245910644531
364.007949829101562,420.479774475097656
592.545509338378906,607.518196105957031
401.263236999511719,462.040901184082031
655.455589294433594,651.036262512207031
393.217086791992188,400.626182556152344
111.150741577148438,127.840042114257812
551.619529724121094,551.619529724121094
429.295539855957031,472.539901733398438
402.861595153808594,411.030769348144531
383.893966674804688,396.023750305175781
159.580230712890625,407.024383544921875
444.619178771972656,372.647285461425781
488.783836364746094,526.265144348144531
246.804237365722656,358.198165893554688
363.978385925292969,407.817840576171875
254.417419433593750,334.234237670898438
302.333831787109375,321.084976196289062
548.925399780273438,645.062446594238281
443.772315979003906,476.061820983886719
267.560005187988281,328.680992126464844
198.666572570800781,513.549804687500000
455.616950988769531,393.633842468261719
271.727561950683594,379.403114318847656
185.609817504882812,323.013305664062500
231.660842895507812,237.384796142578125
391.858100891113281,382.035255432128906
112.456321716308594,817.539215087890625
364.321708679199219,387.122154235839844
157.168388366699219,171.659469604492188
466.028213500976562,526.456832885742188
357.844352722167969,465.167045593261719
476.419448852539062,469.789505004882812
496.491432189941406,446.496009826660156
642.628669738769531,642.628669738769531
127.686500549316406,286.072731018066406
326.128005981445312,275.481224060058594
329.176902770996094,367.119789123535156
337.739944458007812,517.243385314941406
343.256950378417969,468.338966369628906
404.841423034667969,495.072364807128906
478.053092956542969,574.270248413085938
454.178810119628906,473.041534423828125
491.549491882324219,490.962982177734375
734.871864318847656,744.783401489257812
328.080177307128906,382.021903991699219
169.825553894042969,190.338134765625000
521.067619323730469,534.454345703125000
459.374427795410156,530.484199523925781
605.383872985839844,647.334098815917969
410.274505615234375,448.317527770996094
496.006965637207031,496.547698974609375
493.042945861816406,500.366210937500000
355.865478515625000,384.512901306152344
444.190025329589844,450.945854187011719
274.070739746093750,363.673210144042969
706.130027770996094,727.823257446289062
383.949279785156250,346.877098083496094
819.598197937011719,853.463172912597656
399.013519287109375,524.864196777343750
308.546066284179688,397.425651550292969
496.781349182128906,483.134269714355469
341.061592102050781,361.252784729003906
615.659713745117188,648.348808288574219
380.838394165039062,440.013885498046875
306.345939636230469,466.602325439453125
493.264198303222656,519.711494445800781
313.355445861816406,394.912719726562500
309.505462646484375,416.050910949707031
488.751411437988281,507.927894592285156
439.138412475585938,452.991485595703125
361.686706542968750,343.443870544433594
222.807884216308594,250.618934631347656
602.937698364257812,570.917129516601562
574.728965759277344,549.253463745117188
320.116043090820312,407.258987426757812
223.123550415039062,244.796752929687500
595.200538635253906,604.350090026855469
299.118041992187500,348.302841186523438
264.717102050781250,347.718238830566406
372.982978820800781,492.195129394531250
228.287696838378906,258.840560913085938
728.747367858886719,724.615097045898438
266.891479492187500,273.503303527832031
332.956314086914062,295.947074890136719
341.017723083496094,423.769950866699219
442.072868347167969,453.294754028320312
563.013076782226562,563.013076782226562
181.499481201171875,230.199813842773438
450.507164001464844,475.049018859863281
446.800231933593750,452.776908874511719
277.666091918945312,377.052307128906250
367.648124694824219,430.399894714355469
440.877914428710938,501.286506652832031
512.930870056152344,560.490608215332031
511.486053466796875,550.044059753417969
276.350975036621094,288.872718811035156
279.064178466796875,378.933906555175781
455.119132995605469,424.318313598632812
376.725196838378906,323.163986206054688
